<?xml version="1.0" encoding="UTF-8"?>
<testsuite xmlns:xsi="http://www.w3.org/2001/XMLSchema-instance" xsi:noNamespaceSchemaLocation="https://maven.apache.org/surefire/maven-surefire-plugin/xsd/surefire-test-report-3.0.xsd" version="3.0" name="org.apache.commons.geometry.euclidean.threed.RegionBSPTree3DTest" time="2.565" tests="72" errors="0" skipped="0" failures="0">
  <properties>
    <property name="java.specification.version" value="22"/>
    <property name="sun.cpu.isalist" value="amd64"/>
    <property name="sun.jnu.encoding" value="Cp1251"/>
    <property name="java.class.path" value="C:\Users\ULUGBEK\.m2\repository\org\apache\maven\surefire\surefire-booter\3.0.0\surefire-booter-3.0.0.jar;C:\Users\ULUGBEK\.m2\repository\org\apache\maven\surefire\surefire-api\3.0.0\surefire-api-3.0.0.jar;C:\Users\ULUGBEK\.m2\repository\org\apache\maven\surefire\surefire-extensions-spi\3.0.0\surefire-extensions-spi-3.0.0.jar;C:\Users\ULUGBEK\.m2\repository\org\apache\maven\surefire\surefire-logger-api\3.0.0\surefire-logger-api-3.0.0.jar;C:\Users\ULUGBEK\.m2\repository\org\apache\maven\surefire\surefire-shared-utils\3.0.0\surefire-shared-utils-3.0.0.jar;C:\Users\ULUGBEK\IdeaProjects\commons-geometry\commons-geometry-euclidean\target\test-classes;C:\Users\ULUGBEK\IdeaProjects\commons-geometry\commons-geometry-euclidean\target\classes;C:\Users\ULUGBEK\IdeaProjects\commons-geometry\commons-geometry-core\target\commons-geometry-core-1.1-SNAPSHOT.jar;C:\Users\ULUGBEK\.m2\repository\org\apache\commons\commons-numbers-core\1.1\commons-numbers-core-1.1.jar;C:\Users\ULUGBEK\.m2\repository\org\apache\commons\commons-numbers-arrays\1.1\commons-numbers-arrays-1.1.jar;C:\Users\ULUGBEK\.m2\repository\org\apache\commons\commons-numbers-angle\1.1\commons-numbers-angle-1.1.jar;C:\Users\ULUGBEK\.m2\repository\org\apache\commons\commons-numbers-quaternion\1.1\commons-numbers-quaternion-1.1.jar;C:\Users\ULUGBEK\IdeaProjects\commons-geometry\commons-geometry-core\target\commons-geometry-core-1.1-SNAPSHOT-tests.jar;C:\Users\ULUGBEK\.m2\repository\org\apache\commons\commons-rng-client-api\1.5\commons-rng-client-api-1.5.jar;C:\Users\ULUGBEK\.m2\repository\org\apache\commons\commons-rng-simple\1.5\commons-rng-simple-1.5.jar;C:\Users\ULUGBEK\.m2\repository\org\apache\commons\commons-rng-core\1.5\commons-rng-core-1.5.jar;C:\Users\ULUGBEK\.m2\repository\org\apache\commons\commons-rng-sampling\1.5\commons-rng-sampling-1.5.jar;C:\Users\ULUGBEK\.m2\repository\org\junit\jupiter\junit-jupiter\5.9.3\junit-jupiter-5.9.3.jar;C:\Users\ULUGBEK\.m2\repository\org\junit\jupiter\junit-jupiter-api\5.9.3\junit-jupiter-api-5.9.3.jar;C:\Users\ULUGBEK\.m2\repository\org\opentest4j\opentest4j\1.2.0\opentest4j-1.2.0.jar;C:\Users\ULUGBEK\.m2\repository\org\junit\platform\junit-platform-commons\1.9.3\junit-platform-commons-1.9.3.jar;C:\Users\ULUGBEK\.m2\repository\org\apiguardian\apiguardian-api\1.1.2\apiguardian-api-1.1.2.jar;C:\Users\ULUGBEK\.m2\repository\org\junit\jupiter\junit-jupiter-params\5.9.3\junit-jupiter-params-5.9.3.jar;C:\Users\ULUGBEK\.m2\repository\org\junit\jupiter\junit-jupiter-engine\5.9.3\junit-jupiter-engine-5.9.3.jar;C:\Users\ULUGBEK\.m2\repository\org\junit\platform\junit-platform-engine\1.9.3\junit-platform-engine-1.9.3.jar;C:\Users\ULUGBEK\.m2\repository\org\apache\maven\surefire\surefire-junit-platform\3.0.0\surefire-junit-platform-3.0.0.jar;C:\Users\ULUGBEK\.m2\repository\org\apache\maven\surefire\common-java5\3.0.0\common-java5-3.0.0.jar;C:\Users\ULUGBEK\.m2\repository\org\junit\platform\junit-platform-launcher\1.9.3\junit-platform-launcher-1.9.3.jar"/>
    <property name="java.vm.vendor" value="Oracle Corporation"/>
    <property name="sun.arch.data.model" value="64"/>
    <property name="user.variant" value=""/>
    <property name="java.vendor.url" value="https://java.oracle.com/"/>
    <property name="user.timezone" value="Europe/Berlin"/>
    <property name="user.country.format" value="150"/>
    <property name="os.name" value="Windows 10"/>
    <property name="java.vm.specification.version" value="22"/>
    <property name="sun.java.launcher" value="SUN_STANDARD"/>
    <property name="user.country" value="RU"/>
    <property name="sun.boot.library.path" value="C:\Program Files\Java\jdk-22\bin"/>
    <property name="sun.java.command" value="org.apache.maven.surefire.booter.ForkedBooter C:\Users\ULUGBEK\AppData\Local\Temp\surefire16549721548484839787 2024-07-13T15-19-00_390-jvmRun1 surefire-20240713152026688_3tmp surefire_1-20240713152026688_4tmp"/>
    <property name="jdk.debug" value="release"/>
    <property name="surefire.test.class.path" value="C:\Users\ULUGBEK\IdeaProjects\commons-geometry\commons-geometry-euclidean\target\test-classes;C:\Users\ULUGBEK\IdeaProjects\commons-geometry\commons-geometry-euclidean\target\classes;C:\Users\ULUGBEK\IdeaProjects\commons-geometry\commons-geometry-core\target\commons-geometry-core-1.1-SNAPSHOT.jar;C:\Users\ULUGBEK\.m2\repository\org\apache\commons\commons-numbers-core\1.1\commons-numbers-core-1.1.jar;C:\Users\ULUGBEK\.m2\repository\org\apache\commons\commons-numbers-arrays\1.1\commons-numbers-arrays-1.1.jar;C:\Users\ULUGBEK\.m2\repository\org\apache\commons\commons-numbers-angle\1.1\commons-numbers-angle-1.1.jar;C:\Users\ULUGBEK\.m2\repository\org\apache\commons\commons-numbers-quaternion\1.1\commons-numbers-quaternion-1.1.jar;C:\Users\ULUGBEK\IdeaProjects\commons-geometry\commons-geometry-core\target\commons-geometry-core-1.1-SNAPSHOT-tests.jar;C:\Users\ULUGBEK\.m2\repository\org\apache\commons\commons-rng-client-api\1.5\commons-rng-client-api-1.5.jar;C:\Users\ULUGBEK\.m2\repository\org\apache\commons\commons-rng-simple\1.5\commons-rng-simple-1.5.jar;C:\Users\ULUGBEK\.m2\repository\org\apache\commons\commons-rng-core\1.5\commons-rng-core-1.5.jar;C:\Users\ULUGBEK\.m2\repository\org\apache\commons\commons-rng-sampling\1.5\commons-rng-sampling-1.5.jar;C:\Users\ULUGBEK\.m2\repository\org\junit\jupiter\junit-jupiter\5.9.3\junit-jupiter-5.9.3.jar;C:\Users\ULUGBEK\.m2\repository\org\junit\jupiter\junit-jupiter-api\5.9.3\junit-jupiter-api-5.9.3.jar;C:\Users\ULUGBEK\.m2\repository\org\opentest4j\opentest4j\1.2.0\opentest4j-1.2.0.jar;C:\Users\ULUGBEK\.m2\repository\org\junit\platform\junit-platform-commons\1.9.3\junit-platform-commons-1.9.3.jar;C:\Users\ULUGBEK\.m2\repository\org\apiguardian\apiguardian-api\1.1.2\apiguardian-api-1.1.2.jar;C:\Users\ULUGBEK\.m2\repository\org\junit\jupiter\junit-jupiter-params\5.9.3\junit-jupiter-params-5.9.3.jar;C:\Users\ULUGBEK\.m2\repository\org\junit\jupiter\junit-jupiter-engine\5.9.3\junit-jupiter-engine-5.9.3.jar;C:\Users\ULUGBEK\.m2\repository\org\junit\platform\junit-platform-engine\1.9.3\junit-platform-engine-1.9.3.jar;"/>
    <property name="sun.cpu.endian" value="little"/>
    <property name="user.home" value="C:\Users\ULUGBEK"/>
    <property name="user.language" value="ru"/>
    <property name="java.specification.vendor" value="Oracle Corporation"/>
    <property name="java.version.date" value="2024-04-16"/>
    <property name="java.home" value="C:\Program Files\Java\jdk-22"/>
    <property name="file.separator" value="\"/>
    <property name="basedir" value="C:\Users\ULUGBEK\IdeaProjects\commons-geometry\commons-geometry-euclidean"/>
    <property name="java.vm.compressedOopsMode" value="32-bit"/>
    <property name="line.separator" value="&#10;"/>
    <property name="java.vm.specification.vendor" value="Oracle Corporation"/>
    <property name="java.specification.name" value="Java Platform API Specification"/>
    <property name="user.script" value=""/>
    <property name="sun.management.compiler" value="HotSpot 64-Bit Tiered Compilers"/>
    <property name="java.runtime.version" value="22.0.1+8-16"/>
    <property name="user.name" value="ULUGBEK"/>
    <property name="stdout.encoding" value="Cp1251"/>
    <property name="path.separator" value=";"/>
    <property name="os.version" value="10.0"/>
    <property name="java.runtime.name" value="Java(TM) SE Runtime Environment"/>
    <property name="file.encoding" value="UTF-8"/>
    <property name="java.vm.name" value="Java HotSpot(TM) 64-Bit Server VM"/>
    <property name="localRepository" value="C:\Users\ULUGBEK\.m2\repository"/>
    <property name="java.vendor.url.bug" value="https://bugreport.java.com/bugreport/"/>
    <property name="java.io.tmpdir" value="C:\Users\ULUGBEK\AppData\Local\Temp\"/>
    <property name="java.version" value="22.0.1"/>
    <property name="user.dir" value="C:\Users\ULUGBEK\IdeaProjects\commons-geometry\commons-geometry-euclidean"/>
    <property name="os.arch" value="amd64"/>
    <property name="java.vm.specification.name" value="Java Virtual Machine Specification"/>
    <property name="user.language.format" value="en"/>
    <property name="sun.os.patch.level" value=""/>
    <property name="native.encoding" value="Cp1251"/>
    <property name="java.library.path" value="C:\Program Files\Java\jdk-22\bin;C:\Windows\Sun\Java\bin;C:\Windows\system32;C:\Windows;C:\Program Files\Common Files\Oracle\Java\javapath;C:\Program Files (x86)\Common Files\Oracle\Java\java8path;C:\Program Files (x86)\Common Files\Oracle\Java\javapath;C:\Windows\system32;C:\Windows;C:\Windows\System32\Wbem;C:\Windows\System32\WindowsPowerShell\v1.0\;C:\Users\ULUGBEK\dev\flutter\bin;C:\Program Files\Python39\Scripts;C:\Program Files\Git\cmd;C:\Program Files\Go\bin;C:\Program Files\apache-maven-3.9.8-bin\bin;C:\Users\ULUGBEK\AppData\Local\Microsoft\WindowsApps;C:\Users\ULUGBEK\AppData\Local\Programs\Microsoft VS Code\bin;C:\Users\ULUGBEK\dev\flutter\bin;C:\Program Files\JetBrains\PyCharm 2024.1.1\bin;;C:\Program Files\Python39\Scripts;C:\Program Files\Android\platform-tools;C:\Users\ULUGBEK\go\bin;C:\Program Files\JetBrains\IntelliJ IDEA 2024.1.4\bin;;C:\Program Files\apache-maven-3.9.8-bin\bin;;."/>
    <property name="java.vm.info" value="mixed mode, sharing"/>
    <property name="stderr.encoding" value="Cp1251"/>
    <property name="java.vendor" value="Oracle Corporation"/>
    <property name="java.vm.version" value="22.0.1+8-16"/>
    <property name="sun.io.unicode.encoding" value="UnicodeLittle"/>
    <property name="java.class.version" value="66.0"/>
  </properties>
  <testcase name="testLinecast_removesDuplicatePoints" classname="org.apache.commons.geometry.euclidean.threed.RegionBSPTree3DTest" time="0.002"/>
  <testcase name="testTwoBoxes_sharedEdge" classname="org.apache.commons.geometry.euclidean.threed.RegionBSPTree3DTest" time="0.003"/>
  <testcase name="testTwoBoxes_sharedSide" classname="org.apache.commons.geometry.euclidean.threed.RegionBSPTree3DTest" time="0.002"/>
  <testcase name="testBoundaryStream" classname="org.apache.commons.geometry.euclidean.threed.RegionBSPTree3DTest" time="0.001"/>
  <testcase name="testBoundaries" classname="org.apache.commons.geometry.euclidean.threed.RegionBSPTree3DTest" time="0.002"/>
  <testcase name="testCtor_default" classname="org.apache.commons.geometry.euclidean.threed.RegionBSPTree3DTest" time="0"/>
  <testcase name="testToTriangleMesh_empty" classname="org.apache.commons.geometry.euclidean.threed.RegionBSPTree3DTest" time="0.001"/>
  <testcase name="testXor_self" classname="org.apache.commons.geometry.euclidean.threed.RegionBSPTree3DTest" time="0.049"/>
  <testcase name="testFromConvexVolume_full" classname="org.apache.commons.geometry.euclidean.threed.RegionBSPTree3DTest" time="0.001"/>
  <testcase name="testDifference_self" classname="org.apache.commons.geometry.euclidean.threed.RegionBSPTree3DTest" time="0.046"/>
  <testcase name="testToConvex_multipleBoxes" classname="org.apache.commons.geometry.euclidean.threed.RegionBSPTree3DTest" time="0.003"/>
  <testcase name="testGetNodeRegion" classname="org.apache.commons.geometry.euclidean.threed.RegionBSPTree3DTest" time="0.002"/>
  <testcase name="testGetBounds_hasBounds" classname="org.apache.commons.geometry.euclidean.threed.RegionBSPTree3DTest" time="0.001"/>
  <testcase name="testTwoBoxes_disjoint" classname="org.apache.commons.geometry.euclidean.threed.RegionBSPTree3DTest" time="0.002"/>
  <testcase name="testTriangleStream_roundTrip" classname="org.apache.commons.geometry.euclidean.threed.RegionBSPTree3DTest" time="0.006"/>
  <testcase name="testLinecastFirst_rayPointOnFace" classname="org.apache.commons.geometry.euclidean.threed.RegionBSPTree3DTest" time="0.001"/>
  <testcase name="testIntersection_self" classname="org.apache.commons.geometry.euclidean.threed.RegionBSPTree3DTest" time="0.044"/>
  <testcase name="testFrom_boundaries_noBoundaries" classname="org.apache.commons.geometry.euclidean.threed.RegionBSPTree3DTest" time="0"/>
  <testcase name="testProjectToBoundary_invertedRegion" classname="org.apache.commons.geometry.euclidean.threed.RegionBSPTree3DTest" time="0.003"/>
  <testcase name="testEmpty" classname="org.apache.commons.geometry.euclidean.threed.RegionBSPTree3DTest" time="0.001"/>
  <testcase name="testSplit" classname="org.apache.commons.geometry.euclidean.threed.RegionBSPTree3DTest" time="0.002"/>
  <testcase name="testCopy" classname="org.apache.commons.geometry.euclidean.threed.RegionBSPTree3DTest" time="0"/>
  <testcase name="testFull" classname="org.apache.commons.geometry.euclidean.threed.RegionBSPTree3DTest" time="0"/>
  <testcase name="testTriangleStream" classname="org.apache.commons.geometry.euclidean.threed.RegionBSPTree3DTest" time="0.001"/>
  <testcase name="testBoolean_xor_cubeAndSphere" classname="org.apache.commons.geometry.euclidean.threed.RegionBSPTree3DTest" time="0.05"/>
  <testcase name="testBoolean_xor_twoCubes" classname="org.apache.commons.geometry.euclidean.threed.RegionBSPTree3DTest" time="0.003"/>
  <testcase name="testTwoBoxes_separationLessThanTolerance" classname="org.apache.commons.geometry.euclidean.threed.RegionBSPTree3DTest" time="0.002"/>
  <testcase name="testLinecastFirst_lineParallelToFace" classname="org.apache.commons.geometry.euclidean.threed.RegionBSPTree3DTest" time="0.002"/>
  <testcase name="testHalfSpace" classname="org.apache.commons.geometry.euclidean.threed.RegionBSPTree3DTest" time="0.001"/>
  <testcase name="testToConvex_singleBox" classname="org.apache.commons.geometry.euclidean.threed.RegionBSPTree3DTest" time="0.002"/>
  <testcase name="testLinecast_complexRegion" classname="org.apache.commons.geometry.euclidean.threed.RegionBSPTree3DTest" time="0.005"/>
  <testcase name="testToConvex_empty" classname="org.apache.commons.geometry.euclidean.threed.RegionBSPTree3DTest" time="0"/>
  <testcase name="testPartitionedRegionBuilder_insertPartitionAfterBoundary" classname="org.apache.commons.geometry.euclidean.threed.RegionBSPTree3DTest" time="0.002"/>
  <testcase name="testLinecast_empty" classname="org.apache.commons.geometry.euclidean.threed.RegionBSPTree3DTest" time="0"/>
  <testcase name="testFrom_boundaries_fullIsTrue" classname="org.apache.commons.geometry.euclidean.threed.RegionBSPTree3DTest" time="0"/>
  <testcase name="testLinecast_full" classname="org.apache.commons.geometry.euclidean.threed.RegionBSPTree3DTest" time="0"/>
  <testcase name="testUnitBox" classname="org.apache.commons.geometry.euclidean.threed.RegionBSPTree3DTest" time="0.002"/>
  <testcase name="testLinecastFirst_linePassesThroughVertex" classname="org.apache.commons.geometry.euclidean.threed.RegionBSPTree3DTest" time="0.001"/>
  <testcase name="testTriangleStream_noBoundaries" classname="org.apache.commons.geometry.euclidean.threed.RegionBSPTree3DTest" time="0.023"/>
  <testcase name="testTetrahedron" classname="org.apache.commons.geometry.euclidean.threed.RegionBSPTree3DTest" time="0.002"/>
  <testcase name="testFromConvexVolume_finite" classname="org.apache.commons.geometry.euclidean.threed.RegionBSPTree3DTest" time="0.002"/>
  <testcase name="testPartitionedRegionBuilder_halfSpace" classname="org.apache.commons.geometry.euclidean.threed.RegionBSPTree3DTest" time="0.001"/>
  <testcase name="testBoolean_union" classname="org.apache.commons.geometry.euclidean.threed.RegionBSPTree3DTest" time="0.056"/>
  <testcase name="testToTree_returnsSameInstance" classname="org.apache.commons.geometry.euclidean.threed.RegionBSPTree3DTest" time="0.001"/>
  <testcase name="testBoolean_difference" classname="org.apache.commons.geometry.euclidean.threed.RegionBSPTree3DTest" time="0.039"/>
  <testcase name="testFrom_boundaries" classname="org.apache.commons.geometry.euclidean.threed.RegionBSPTree3DTest" time="0"/>
  <testcase name="testLinecastFirst_onlyReturnsPointsWithinSegment" classname="org.apache.commons.geometry.euclidean.threed.RegionBSPTree3DTest" time="0.001"/>
  <testcase name="testLinecastFirst_multipleDirections" classname="org.apache.commons.geometry.euclidean.threed.RegionBSPTree3DTest" time="0.002"/>
  <testcase name="testGetBoundaries" classname="org.apache.commons.geometry.euclidean.threed.RegionBSPTree3DTest" time="0.001"/>
  <testcase name="testToTriangleMesh_infiniteBoundary" classname="org.apache.commons.geometry.euclidean.threed.RegionBSPTree3DTest" time="0.001"/>
  <testcase name="testLinecastFirst_rayPointOnVertex" classname="org.apache.commons.geometry.euclidean.threed.RegionBSPTree3DTest" time="0.001"/>
  <testcase name="testGetBounds_noBounds" classname="org.apache.commons.geometry.euclidean.threed.RegionBSPTree3DTest" time="0"/>
  <testcase name="testPartitionedRegionBuilder_cube" classname="org.apache.commons.geometry.euclidean.threed.RegionBSPTree3DTest" time="1.022"/>
  <testcase name="testBoundaryStream_noBoundaries" classname="org.apache.commons.geometry.euclidean.threed.RegionBSPTree3DTest" time="0"/>
  <testcase name="testCtor_boolean" classname="org.apache.commons.geometry.euclidean.threed.RegionBSPTree3DTest" time="0"/>
  <testcase name="testProjectToBoundary" classname="org.apache.commons.geometry.euclidean.threed.RegionBSPTree3DTest" time="0.001"/>
  <testcase name="testToTriangleMesh_full" classname="org.apache.commons.geometry.euclidean.threed.RegionBSPTree3DTest" time="0"/>
  <testcase name="testBoolean_multiple" classname="org.apache.commons.geometry.euclidean.threed.RegionBSPTree3DTest" time="0.121"/>
  <testcase name="testToList_fullAndEmpty" classname="org.apache.commons.geometry.euclidean.threed.RegionBSPTree3DTest" time="0"/>
  <testcase name="testSlightlyConcavePrism" classname="org.apache.commons.geometry.euclidean.threed.RegionBSPTree3DTest" time="0.001"/>
  <testcase name="testPartitionedRegionBuilder_nonConvex" classname="org.apache.commons.geometry.euclidean.threed.RegionBSPTree3DTest" time="0.934"/>
  <testcase name="testInvertedRegion" classname="org.apache.commons.geometry.euclidean.threed.RegionBSPTree3DTest" time="0.001"/>
  <testcase name="testToTriangleMesh" classname="org.apache.commons.geometry.euclidean.threed.RegionBSPTree3DTest" time="0.001"/>
  <testcase name="testGeometricProperties_mixedCutRules" classname="org.apache.commons.geometry.euclidean.threed.RegionBSPTree3DTest" time="0.002"/>
  <testcase name="testTwoBoxes_sharedPoint" classname="org.apache.commons.geometry.euclidean.threed.RegionBSPTree3DTest" time="0.001"/>
  <testcase name="testBoolean_intersection" classname="org.apache.commons.geometry.euclidean.threed.RegionBSPTree3DTest" time="0.025"/>
  <testcase name="testSphere" classname="org.apache.commons.geometry.euclidean.threed.RegionBSPTree3DTest" time="0.026"/>
  <testcase name="testToList" classname="org.apache.commons.geometry.euclidean.threed.RegionBSPTree3DTest" time="0.001"/>
  <testcase name="testLinecast_complementedTree" classname="org.apache.commons.geometry.euclidean.threed.RegionBSPTree3DTest" time="0.001"/>
  <testcase name="testLinecast" classname="org.apache.commons.geometry.euclidean.threed.RegionBSPTree3DTest" time="0"/>
  <testcase name="testUnion_self" classname="org.apache.commons.geometry.euclidean.threed.RegionBSPTree3DTest" time="0.026"/>
  <testcase name="testFromConvexVolume_infinite" classname="org.apache.commons.geometry.euclidean.threed.RegionBSPTree3DTest" time="0.001"/>
</testsuite>