<?xml version="1.0" encoding="UTF-8"?>
<testsuite xmlns:xsi="http://www.w3.org/2001/XMLSchema-instance" xsi:noNamespaceSchemaLocation="https://maven.apache.org/surefire/maven-surefire-plugin/xsd/surefire-test-report-3.0.xsd" version="3.0" name="org.apache.commons.geometry.spherical.oned.PointSet1STest" time="1.927" tests="47" errors="0" skipped="0" failures="0">
  <properties>
    <property name="java.specification.version" value="22"/>
    <property name="sun.cpu.isalist" value="amd64"/>
    <property name="sun.jnu.encoding" value="Cp1251"/>
    <property name="java.class.path" value="C:\Users\ULUGBEK\.m2\repository\org\apache\maven\surefire\surefire-booter\3.0.0\surefire-booter-3.0.0.jar;C:\Users\ULUGBEK\.m2\repository\org\apache\maven\surefire\surefire-api\3.0.0\surefire-api-3.0.0.jar;C:\Users\ULUGBEK\.m2\repository\org\apache\maven\surefire\surefire-extensions-spi\3.0.0\surefire-extensions-spi-3.0.0.jar;C:\Users\ULUGBEK\.m2\repository\org\apache\maven\surefire\surefire-logger-api\3.0.0\surefire-logger-api-3.0.0.jar;C:\Users\ULUGBEK\.m2\repository\org\apache\maven\surefire\surefire-shared-utils\3.0.0\surefire-shared-utils-3.0.0.jar;C:\Users\ULUGBEK\IdeaProjects\commons-geometry\commons-geometry-spherical\target\test-classes;C:\Users\ULUGBEK\IdeaProjects\commons-geometry\commons-geometry-spherical\target\classes;C:\Users\ULUGBEK\IdeaProjects\commons-geometry\commons-geometry-core\target\commons-geometry-core-1.1-SNAPSHOT.jar;C:\Users\ULUGBEK\.m2\repository\org\apache\commons\commons-numbers-core\1.1\commons-numbers-core-1.1.jar;C:\Users\ULUGBEK\IdeaProjects\commons-geometry\commons-geometry-euclidean\target\commons-geometry-euclidean-1.1-SNAPSHOT.jar;C:\Users\ULUGBEK\.m2\repository\org\apache\commons\commons-numbers-arrays\1.1\commons-numbers-arrays-1.1.jar;C:\Users\ULUGBEK\.m2\repository\org\apache\commons\commons-numbers-angle\1.1\commons-numbers-angle-1.1.jar;C:\Users\ULUGBEK\.m2\repository\org\apache\commons\commons-numbers-quaternion\1.1\commons-numbers-quaternion-1.1.jar;C:\Users\ULUGBEK\IdeaProjects\commons-geometry\commons-geometry-enclosing\target\commons-geometry-enclosing-1.1-SNAPSHOT.jar;C:\Users\ULUGBEK\.m2\repository\org\apache\commons\commons-numbers-fraction\1.1\commons-numbers-fraction-1.1.jar;C:\Users\ULUGBEK\IdeaProjects\commons-geometry\commons-geometry-core\target\commons-geometry-core-1.1-SNAPSHOT-tests.jar;C:\Users\ULUGBEK\.m2\repository\org\apache\commons\commons-rng-client-api\1.5\commons-rng-client-api-1.5.jar;C:\Users\ULUGBEK\.m2\repository\org\apache\commons\commons-rng-simple\1.5\commons-rng-simple-1.5.jar;C:\Users\ULUGBEK\.m2\repository\org\apache\commons\commons-rng-core\1.5\commons-rng-core-1.5.jar;C:\Users\ULUGBEK\.m2\repository\org\apache\commons\commons-rng-sampling\1.5\commons-rng-sampling-1.5.jar;C:\Users\ULUGBEK\.m2\repository\org\junit\jupiter\junit-jupiter\5.9.3\junit-jupiter-5.9.3.jar;C:\Users\ULUGBEK\.m2\repository\org\junit\jupiter\junit-jupiter-api\5.9.3\junit-jupiter-api-5.9.3.jar;C:\Users\ULUGBEK\.m2\repository\org\opentest4j\opentest4j\1.2.0\opentest4j-1.2.0.jar;C:\Users\ULUGBEK\.m2\repository\org\junit\platform\junit-platform-commons\1.9.3\junit-platform-commons-1.9.3.jar;C:\Users\ULUGBEK\.m2\repository\org\apiguardian\apiguardian-api\1.1.2\apiguardian-api-1.1.2.jar;C:\Users\ULUGBEK\.m2\repository\org\junit\jupiter\junit-jupiter-params\5.9.3\junit-jupiter-params-5.9.3.jar;C:\Users\ULUGBEK\.m2\repository\org\junit\jupiter\junit-jupiter-engine\5.9.3\junit-jupiter-engine-5.9.3.jar;C:\Users\ULUGBEK\.m2\repository\org\junit\platform\junit-platform-engine\1.9.3\junit-platform-engine-1.9.3.jar;C:\Users\ULUGBEK\.m2\repository\org\apache\maven\surefire\surefire-junit-platform\3.0.0\surefire-junit-platform-3.0.0.jar;C:\Users\ULUGBEK\.m2\repository\org\apache\maven\surefire\common-java5\3.0.0\common-java5-3.0.0.jar;C:\Users\ULUGBEK\.m2\repository\org\junit\platform\junit-platform-launcher\1.9.3\junit-platform-launcher-1.9.3.jar"/>
    <property name="java.vm.vendor" value="Oracle Corporation"/>
    <property name="sun.arch.data.model" value="64"/>
    <property name="user.variant" value=""/>
    <property name="java.vendor.url" value="https://java.oracle.com/"/>
    <property name="user.timezone" value="Europe/Berlin"/>
    <property name="user.country.format" value="150"/>
    <property name="os.name" value="Windows 10"/>
    <property name="java.vm.specification.version" value="22"/>
    <property name="sun.java.launcher" value="SUN_STANDARD"/>
    <property name="user.country" value="RU"/>
    <property name="sun.boot.library.path" value="C:\Program Files\Java\jdk-22\bin"/>
    <property name="sun.java.command" value="org.apache.maven.surefire.booter.ForkedBooter C:\Users\ULUGBEK\AppData\Local\Temp\surefire7256010193675495113 2024-07-13T15-19-00_390-jvmRun1 surefire-20240713152602937_7tmp surefire_3-20240713152602937_8tmp"/>
    <property name="jdk.debug" value="release"/>
    <property name="surefire.test.class.path" value="C:\Users\ULUGBEK\IdeaProjects\commons-geometry\commons-geometry-spherical\target\test-classes;C:\Users\ULUGBEK\IdeaProjects\commons-geometry\commons-geometry-spherical\target\classes;C:\Users\ULUGBEK\IdeaProjects\commons-geometry\commons-geometry-core\target\commons-geometry-core-1.1-SNAPSHOT.jar;C:\Users\ULUGBEK\.m2\repository\org\apache\commons\commons-numbers-core\1.1\commons-numbers-core-1.1.jar;C:\Users\ULUGBEK\IdeaProjects\commons-geometry\commons-geometry-euclidean\target\commons-geometry-euclidean-1.1-SNAPSHOT.jar;C:\Users\ULUGBEK\.m2\repository\org\apache\commons\commons-numbers-arrays\1.1\commons-numbers-arrays-1.1.jar;C:\Users\ULUGBEK\.m2\repository\org\apache\commons\commons-numbers-angle\1.1\commons-numbers-angle-1.1.jar;C:\Users\ULUGBEK\.m2\repository\org\apache\commons\commons-numbers-quaternion\1.1\commons-numbers-quaternion-1.1.jar;C:\Users\ULUGBEK\IdeaProjects\commons-geometry\commons-geometry-enclosing\target\commons-geometry-enclosing-1.1-SNAPSHOT.jar;C:\Users\ULUGBEK\.m2\repository\org\apache\commons\commons-numbers-fraction\1.1\commons-numbers-fraction-1.1.jar;C:\Users\ULUGBEK\IdeaProjects\commons-geometry\commons-geometry-core\target\commons-geometry-core-1.1-SNAPSHOT-tests.jar;C:\Users\ULUGBEK\.m2\repository\org\apache\commons\commons-rng-client-api\1.5\commons-rng-client-api-1.5.jar;C:\Users\ULUGBEK\.m2\repository\org\apache\commons\commons-rng-simple\1.5\commons-rng-simple-1.5.jar;C:\Users\ULUGBEK\.m2\repository\org\apache\commons\commons-rng-core\1.5\commons-rng-core-1.5.jar;C:\Users\ULUGBEK\.m2\repository\org\apache\commons\commons-rng-sampling\1.5\commons-rng-sampling-1.5.jar;C:\Users\ULUGBEK\.m2\repository\org\junit\jupiter\junit-jupiter\5.9.3\junit-jupiter-5.9.3.jar;C:\Users\ULUGBEK\.m2\repository\org\junit\jupiter\junit-jupiter-api\5.9.3\junit-jupiter-api-5.9.3.jar;C:\Users\ULUGBEK\.m2\repository\org\opentest4j\opentest4j\1.2.0\opentest4j-1.2.0.jar;C:\Users\ULUGBEK\.m2\repository\org\junit\platform\junit-platform-commons\1.9.3\junit-platform-commons-1.9.3.jar;C:\Users\ULUGBEK\.m2\repository\org\apiguardian\apiguardian-api\1.1.2\apiguardian-api-1.1.2.jar;C:\Users\ULUGBEK\.m2\repository\org\junit\jupiter\junit-jupiter-params\5.9.3\junit-jupiter-params-5.9.3.jar;C:\Users\ULUGBEK\.m2\repository\org\junit\jupiter\junit-jupiter-engine\5.9.3\junit-jupiter-engine-5.9.3.jar;C:\Users\ULUGBEK\.m2\repository\org\junit\platform\junit-platform-engine\1.9.3\junit-platform-engine-1.9.3.jar;"/>
    <property name="sun.cpu.endian" value="little"/>
    <property name="user.home" value="C:\Users\ULUGBEK"/>
    <property name="user.language" value="ru"/>
    <property name="java.specification.vendor" value="Oracle Corporation"/>
    <property name="java.version.date" value="2024-04-16"/>
    <property name="java.home" value="C:\Program Files\Java\jdk-22"/>
    <property name="file.separator" value="\"/>
    <property name="basedir" value="C:\Users\ULUGBEK\IdeaProjects\commons-geometry\commons-geometry-spherical"/>
    <property name="java.vm.compressedOopsMode" value="32-bit"/>
    <property name="line.separator" value="&#10;"/>
    <property name="java.vm.specification.vendor" value="Oracle Corporation"/>
    <property name="java.specification.name" value="Java Platform API Specification"/>
    <property name="user.script" value=""/>
    <property name="sun.management.compiler" value="HotSpot 64-Bit Tiered Compilers"/>
    <property name="java.runtime.version" value="22.0.1+8-16"/>
    <property name="user.name" value="ULUGBEK"/>
    <property name="stdout.encoding" value="Cp1251"/>
    <property name="path.separator" value=";"/>
    <property name="os.version" value="10.0"/>
    <property name="java.runtime.name" value="Java(TM) SE Runtime Environment"/>
    <property name="file.encoding" value="UTF-8"/>
    <property name="java.vm.name" value="Java HotSpot(TM) 64-Bit Server VM"/>
    <property name="localRepository" value="C:\Users\ULUGBEK\.m2\repository"/>
    <property name="java.vendor.url.bug" value="https://bugreport.java.com/bugreport/"/>
    <property name="java.io.tmpdir" value="C:\Users\ULUGBEK\AppData\Local\Temp\"/>
    <property name="java.version" value="22.0.1"/>
    <property name="user.dir" value="C:\Users\ULUGBEK\IdeaProjects\commons-geometry\commons-geometry-spherical"/>
    <property name="os.arch" value="amd64"/>
    <property name="java.vm.specification.name" value="Java Virtual Machine Specification"/>
    <property name="user.language.format" value="en"/>
    <property name="sun.os.patch.level" value=""/>
    <property name="native.encoding" value="Cp1251"/>
    <property name="java.library.path" value="C:\Program Files\Java\jdk-22\bin;C:\Windows\Sun\Java\bin;C:\Windows\system32;C:\Windows;C:\Program Files\Common Files\Oracle\Java\javapath;C:\Program Files (x86)\Common Files\Oracle\Java\java8path;C:\Program Files (x86)\Common Files\Oracle\Java\javapath;C:\Windows\system32;C:\Windows;C:\Windows\System32\Wbem;C:\Windows\System32\WindowsPowerShell\v1.0\;C:\Users\ULUGBEK\dev\flutter\bin;C:\Program Files\Python39\Scripts;C:\Program Files\Git\cmd;C:\Program Files\Go\bin;C:\Program Files\apache-maven-3.9.8-bin\bin;C:\Users\ULUGBEK\AppData\Local\Microsoft\WindowsApps;C:\Users\ULUGBEK\AppData\Local\Programs\Microsoft VS Code\bin;C:\Users\ULUGBEK\dev\flutter\bin;C:\Program Files\JetBrains\PyCharm 2024.1.1\bin;;C:\Program Files\Python39\Scripts;C:\Program Files\Android\platform-tools;C:\Users\ULUGBEK\go\bin;C:\Program Files\JetBrains\IntelliJ IDEA 2024.1.4\bin;;C:\Program Files\apache-maven-3.9.8-bin\bin;;."/>
    <property name="java.vm.info" value="mixed mode, sharing"/>
    <property name="stderr.encoding" value="Cp1251"/>
    <property name="java.vendor" value="Oracle Corporation"/>
    <property name="java.vm.version" value="22.0.1+8-16"/>
    <property name="sun.io.unicode.encoding" value="UnicodeLittle"/>
    <property name="java.class.version" value="66.0"/>
  </properties>
  <testcase name="testContainsGet_nanAndInf" classname="org.apache.commons.geometry.spherical.oned.PointSet1STest" time="0.001"/>
  <testcase name="testClear_empty" classname="org.apache.commons.geometry.spherical.oned.PointSet1STest" time="0"/>
  <testcase name="testRetainAll_empty" classname="org.apache.commons.geometry.spherical.oned.PointSet1STest" time="0.001"/>
  <testcase name="testNearToFar_concurrentModification" classname="org.apache.commons.geometry.spherical.oned.PointSet1STest" time="0.004"/>
  <testcase name="testNearToFar_invalidArgs" classname="org.apache.commons.geometry.spherical.oned.PointSet1STest" time="0.002"/>
  <testcase name="testNearToFar_iteratorBehavior" classname="org.apache.commons.geometry.spherical.oned.PointSet1STest" time="0.001"/>
  <testcase name="testToArray" classname="org.apache.commons.geometry.spherical.oned.PointSet1STest" time="0.001"/>
  <testcase name="testAdd" classname="org.apache.commons.geometry.spherical.oned.PointSet1STest" time="0.007"/>
  <testcase name="testContainsGet_invalidArgs" classname="org.apache.commons.geometry.spherical.oned.PointSet1STest" time="0.002"/>
  <testcase name="testEmpty" classname="org.apache.commons.geometry.spherical.oned.PointSet1STest" time="0.001"/>
  <testcase name="testContainsGet_equivalentPoints_singleEntry" classname="org.apache.commons.geometry.spherical.oned.PointSet1STest" time="0.001"/>
  <testcase name="testToString" classname="org.apache.commons.geometry.spherical.oned.PointSet1STest" time="0"/>
  <testcase name="testIterator_remove" classname="org.apache.commons.geometry.spherical.oned.PointSet1STest" time="0.002"/>
  <testcase name="testIterator_empty" classname="org.apache.commons.geometry.spherical.oned.PointSet1STest" time="0.002"/>
  <testcase name="testIterator_remove_multiplePasses" classname="org.apache.commons.geometry.spherical.oned.PointSet1STest" time="0.003"/>
  <testcase name="testRetainAll" classname="org.apache.commons.geometry.spherical.oned.PointSet1STest" time="0.016"/>
  <testcase name="testClear_populated" classname="org.apache.commons.geometry.spherical.oned.PointSet1STest" time="0.002"/>
  <testcase name="testContainsAll" classname="org.apache.commons.geometry.spherical.oned.PointSet1STest" time="0.002"/>
  <testcase name="testNearest_empty" classname="org.apache.commons.geometry.spherical.oned.PointSet1STest" time="0.001"/>
  <testcase name="testNearest_large" classname="org.apache.commons.geometry.spherical.oned.PointSet1STest" time="0.009"/>
  <testcase name="testNearest_small" classname="org.apache.commons.geometry.spherical.oned.PointSet1STest" time="0.001"/>
  <testcase name="testFarthest_empty" classname="org.apache.commons.geometry.spherical.oned.PointSet1STest" time="0"/>
  <testcase name="testFarthest_large" classname="org.apache.commons.geometry.spherical.oned.PointSet1STest" time="0.027"/>
  <testcase name="testFarthest_small" classname="org.apache.commons.geometry.spherical.oned.PointSet1STest" time="0.001"/>
  <testcase name="testMultipleEntries" classname="org.apache.commons.geometry.spherical.oned.PointSet1STest" time="0.005"/>
  <testcase name="testContainsAll_empty" classname="org.apache.commons.geometry.spherical.oned.PointSet1STest" time="0"/>
  <testcase name="testFarToNear_iteratorBehavior" classname="org.apache.commons.geometry.spherical.oned.PointSet1STest" time="0.002"/>
  <testcase name="testFarToNear_empty" classname="org.apache.commons.geometry.spherical.oned.PointSet1STest" time="0"/>
  <testcase name="testFarToNear_large" classname="org.apache.commons.geometry.spherical.oned.PointSet1STest" time="0.865"/>
  <testcase name="testFarToNear_small" classname="org.apache.commons.geometry.spherical.oned.PointSet1STest" time="0.001"/>
  <testcase name="testNearest_invalidArgs" classname="org.apache.commons.geometry.spherical.oned.PointSet1STest" time="0.001"/>
  <testcase name="testHashCode" classname="org.apache.commons.geometry.spherical.oned.PointSet1STest" time="0"/>
  <testcase name="testFarthest_invalidArgs" classname="org.apache.commons.geometry.spherical.oned.PointSet1STest" time="0.001"/>
  <testcase name="testRepeatedUse" classname="org.apache.commons.geometry.spherical.oned.PointSet1STest" time="0.039"/>
  <testcase name="testContainsGet_equivalentPoints_multipleEntries" classname="org.apache.commons.geometry.spherical.oned.PointSet1STest" time="0.008"/>
  <testcase name="testEquals" classname="org.apache.commons.geometry.spherical.oned.PointSet1STest" time="0"/>
  <testcase name="testRemove_largeEntryCount" classname="org.apache.commons.geometry.spherical.oned.PointSet1STest" time="0.071"/>
  <testcase name="testNearToFar_empty" classname="org.apache.commons.geometry.spherical.oned.PointSet1STest" time="0.001"/>
  <testcase name="testNearToFar_large" classname="org.apache.commons.geometry.spherical.oned.PointSet1STest" time="0.812"/>
  <testcase name="testNearToFar_small" classname="org.apache.commons.geometry.spherical.oned.PointSet1STest" time="0"/>
  <testcase name="testRemove" classname="org.apache.commons.geometry.spherical.oned.PointSet1STest" time="0.001"/>
  <testcase name="testFarToNear_concurrentModification" classname="org.apache.commons.geometry.spherical.oned.PointSet1STest" time="0.001"/>
  <testcase name="testRemoveAll_empty" classname="org.apache.commons.geometry.spherical.oned.PointSet1STest" time="0.001"/>
  <testcase name="testSingleEntry" classname="org.apache.commons.geometry.spherical.oned.PointSet1STest" time="0"/>
  <testcase name="testIterator" classname="org.apache.commons.geometry.spherical.oned.PointSet1STest" time="0.003"/>
  <testcase name="testRemoveAll" classname="org.apache.commons.geometry.spherical.oned.PointSet1STest" time="0.003"/>
  <testcase name="testFarToNear_invalidArgs" classname="org.apache.commons.geometry.spherical.oned.PointSet1STest" time="0.001"/>
</testsuite>